<?xml version="1.0" encoding="UTF-8"?>
<!-- Generated by org.testng.reporters.JUnitXMLReporter -->
<testsuite ignored="0" hostname="LAPTOP-TT8VBAMA" failures="1" tests="2" name="Test" time="7.838" errors="0" timestamp="2025-05-08T15:45:56 IST">
  <testcase classname="practiceHomeTest.IvoiceTest" name="createInvoiceTest" time="0.025">
    <failure type="java.lang.AssertionError" message="expected [Login] but found [Admin123@ Administrator1 - Home - vtiger CRM 5 - Commercial Open Source CRM]">
      <![CDATA[java.lang.AssertionError: expected [Login] but found [Admin123@ Administrator1 - Home - vtiger CRM 5 - Commercial Open Source CRM]
at practiceHomeTest.IvoiceTest.createInvoiceTest(IvoiceTest.java:16)
at java.base/java.util.ArrayList.forEach(ArrayList.java:1596)
... Removed 31 stack frames]]>
    </failure>
  </testcase> <!-- createInvoiceTest -->
  <testcase classname="practiceHomeTest.IvoiceTest" name="createInvoiceWithContTest" time="0.002"/>
</testsuite> <!-- Test -->
